<?xml version="1.0" encoding="UTF-8"?>
<!-- Generated by org.testng.reporters.JUnitReportReporter -->
<testsuite hostname="MS00004L" failures="0" tests="1" name="testCases.TC001_AccountRegistrationTest" time="1.575" errors="0" timestamp="2024-09-05T16:42:44 NZST" skipped="0">
  <testcase classname="testCases.TC001_AccountRegistrationTest" name="verify_account_registration" time="1.575"/>
</testsuite> <!-- testCases.TC001_AccountRegistrationTest -->
