<?xml version="1.0" encoding="UTF-8"?>
<!-- Generated by org.testng.reporters.JUnitReportReporter -->
<testsuite hostname="MS00004L" failures="0" tests="1" name="testCases.TC002_LoginTest" time="1.244" errors="0" timestamp="2024-09-10T11:34:44 NZST" skipped="0">
  <testcase classname="testCases.TC002_LoginTest" name="verify_login" time="1.244"/>
</testsuite> <!-- testCases.TC002_LoginTest -->
